0 info it worked if it ends with ok
1 verbose cli [ '/usr/local/Cellar/node/7.2.1/bin/node',
1 verbose cli   '/usr/local/bin/npm',
1 verbose cli   'run',
1 verbose cli   'gulp' ]
2 info using npm@3.10.9
3 info using node@v7.2.1
4 verbose run-script [ 'pregulp', 'gulp', 'postgulp' ]
5 info lifecycle basic-devstack@1.0.0~pregulp: basic-devstack@1.0.0
6 silly lifecycle basic-devstack@1.0.0~pregulp: no script for pregulp, continuing
7 info lifecycle basic-devstack@1.0.0~gulp: basic-devstack@1.0.0
8 verbose lifecycle basic-devstack@1.0.0~gulp: unsafe-perm in lifecycle true
9 verbose lifecycle basic-devstack@1.0.0~gulp: PATH: /usr/local/lib/node_modules/npm/bin/node-gyp-bin:/Users/andy/Workspace/js/basic-devstack/node_modules/.bin:/usr/local/Cellar/node/7.2.1/bin:/usr/local/opt/php70/bin:/usr/local/sbin:/usr/local/heroku/bin:/Users/andy/.rbenv/shims:/Users/andy/.rbenv/bin:/Users/andy/.composer/vendor/bin:/usr/local/opt/php56/bin:/usr/local/bin:/usr/bin:/bin:/usr/sbin:/sbin:/usr/local/bin
10 verbose lifecycle basic-devstack@1.0.0~gulp: CWD: /Users/andy/Workspace/js/basic-devstack
11 silly lifecycle basic-devstack@1.0.0~gulp: Args: [ '-c',
11 silly lifecycle   'concurrently --kill-others "npm run server" "npm run serve"' ]
12 silly lifecycle basic-devstack@1.0.0~gulp: Returned: code: 1  signal: null
13 info lifecycle basic-devstack@1.0.0~gulp: Failed to exec gulp script
14 verbose stack Error: basic-devstack@1.0.0 gulp: `concurrently --kill-others "npm run server" "npm run serve"`
14 verbose stack Exit status 1
14 verbose stack     at EventEmitter.<anonymous> (/usr/local/lib/node_modules/npm/lib/utils/lifecycle.js:255:16)
14 verbose stack     at emitTwo (events.js:106:13)
14 verbose stack     at EventEmitter.emit (events.js:191:7)
14 verbose stack     at ChildProcess.<anonymous> (/usr/local/lib/node_modules/npm/lib/utils/spawn.js:40:14)
14 verbose stack     at emitTwo (events.js:106:13)
14 verbose stack     at ChildProcess.emit (events.js:191:7)
14 verbose stack     at maybeClose (internal/child_process.js:885:16)
14 verbose stack     at Process.ChildProcess._handle.onexit (internal/child_process.js:226:5)
15 verbose pkgid basic-devstack@1.0.0
16 verbose cwd /Users/andy/Workspace/js/basic-devstack
17 error Darwin 16.3.0
18 error argv "/usr/local/Cellar/node/7.2.1/bin/node" "/usr/local/bin/npm" "run" "gulp"
19 error node v7.2.1
20 error npm  v3.10.9
21 error code ELIFECYCLE
22 error basic-devstack@1.0.0 gulp: `concurrently --kill-others "npm run server" "npm run serve"`
22 error Exit status 1
23 error Failed at the basic-devstack@1.0.0 gulp script 'concurrently --kill-others "npm run server" "npm run serve"'.
23 error Make sure you have the latest version of node.js and npm installed.
23 error If you do, this is most likely a problem with the basic-devstack package,
23 error not with npm itself.
23 error Tell the author that this fails on your system:
23 error     concurrently --kill-others "npm run server" "npm run serve"
23 error You can get information on how to open an issue for this project with:
23 error     npm bugs basic-devstack
23 error Or if that isn't available, you can get their info via:
23 error     npm owner ls basic-devstack
23 error There is likely additional logging output above.
24 verbose exit [ 1, true ]
